85424165
644059297
196993159
638158937
646081328
646030808
646336386
646084901
646379332
646180643
121562576
645387053
645318456
642088635
642802546
638255703
643740720
643599242
643044863
641445585
644220946
643965510
644637125
645384444
638981437
640755417
640606491
645355989
645697986
641201763
643984647
643705567
644143040
638769025
645674916
645798973
646244405
646318933
639637954
530000097
578317029
107301822
645973344
643647989
644846003
644543448
644618956
643576657
638839284
296692083
643385859
644194431
644405801
644238350
640361557
644863628
644253445
644408200
644866869
644349490
646124941
644455577
644569984
644904909
644363763
644485699
644317375
644468420
644800796
644884938
644735836
644749524
644875864
345736039
643456781
645564136
344601083
559935336
643901149
501977703
556435264
526394935
640435960
525306319
345714879
346379319
346601220
349476999
349441208
523300383
521572543
520556928
645827877
646025220
646027123
646024988
645660994
645636642
645574312
645550181
